# JRE version: 7.0_09-b05
# Java VM: Java HotSpot(TM) 64-Bit Server VM (23.5-b02 mixed mode windows-amd64 compressed oops)
Heap
 PSYoungGen      total 28160K, used 24957K [0x00000007d5560000, 0x00000007d8c60000, 0x0000000800000000)
  eden space 24192K, 88% used [0x00000007d5560000,0x00000007d6a62878,0x00000007d6d00000)
  from space 3968K, 86% used [0x00000007d6d00000,0x00000007d705ce18,0x00000007d70e0000)
  to   space 3968K, 0% used [0x00000007d8880000,0x00000007d8880000,0x00000007d8c60000)
 ParOldGen       total 64384K, used 40477K [0x0000000780000000, 0x0000000783ee0000, 0x00000007d5560000)
  object space 64384K, 62% used [0x0000000780000000,0x0000000782787448,0x0000000783ee0000)
 PSPermGen       total 21248K, used 14993K [0x000000077ae00000, 0x000000077c2c0000, 0x0000000780000000)
  object space 21248K, 70% used [0x000000077ae00000,0x000000077bca45f8,0x000000077c2c0000)
GC Heap History (10 events):
Event: 0.974 GC heap before
{Heap before GC invocations=3 (full 1):
 PSYoungGen      total 28160K, used 8875K [0x00000007d5560000, 0x00000007d74c0000, 0x0000000800000000)
  eden space 24192K, 36% used [0x00000007d5560000,0x00000007d5e0ad20,0x00000007d6d00000)
  from space 3968K, 0% used [0x00000007d6d00000,0x00000007d6d00000,0x00000007d70e0000)
  to   space 3968K, 0% used [0x00000007d70e0000,0x00000007d70e0000,0x00000007d74c0000)
 ParOldGen       total 64384K, used 849K [0x0000000780000000, 0x0000000783ee0000, 0x00000007d5560000)
  object space 64384K, 1% used [0x0000000780000000,0x00000007800d4550,0x0000000783ee0000)
 PSPermGen       total 21248K, used 12286K [0x000000077ae00000, 0x000000077c2c0000, 0x0000000780000000)
  object space 21248K, 57% used [0x000000077ae00000,0x000000077b9ff880,0x000000077c2c0000)
Event: 0.977 GC heap after
Heap after GC invocations=3 (full 1):
 PSYoungGen      total 28160K, used 2721K [0x00000007d5560000, 0x00000007d74c0000, 0x0000000800000000)
  eden space 24192K, 0% used [0x00000007d5560000,0x00000007d5560000,0x00000007d6d00000)
  from space 3968K, 68% used [0x00000007d70e0000,0x00000007d73884b8,0x00000007d74c0000)
  to   space 3968K, 0% used [0x00000007d6d00000,0x00000007d6d00000,0x00000007d70e0000)
 ParOldGen       total 64384K, used 857K [0x0000000780000000, 0x0000000783ee0000, 0x00000007d5560000)
  object space 64384K, 1% used [0x0000000780000000,0x00000007800d6550,0x0000000783ee0000)
 PSPermGen       total 21248K, used 12286K [0x000000077ae00000, 0x000000077c2c0000, 0x0000000780000000)
  object space 21248K, 57% used [0x000000077ae00000,0x000000077b9ff880,0x000000077c2c0000)
}
Event: 0.977 GC heap before
{Heap before GC invocations=4 (full 2):
 PSYoungGen      total 28160K, used 2721K [0x00000007d5560000, 0x00000007d74c0000, 0x0000000800000000)
  eden space 24192K, 0% used [0x00000007d5560000,0x00000007d5560000,0x00000007d6d00000)
  from space 3968K, 68% used [0x00000007d70e0000,0x00000007d73884b8,0x00000007d74c0000)
  to   space 3968K, 0% used [0x00000007d6d00000,0x00000007d6d00000,0x00000007d70e0000)
 ParOldGen       total 64384K, used 857K [0x0000000780000000, 0x0000000783ee0000, 0x00000007d5560000)
  object space 64384K, 1% used [0x0000000780000000,0x00000007800d6550,0x0000000783ee0000)
 PSPermGen       total 21248K, used 12286K [0x000000077ae00000, 0x000000077c2c0000, 0x0000000780000000)
  object space 21248K, 57% used [0x000000077ae00000,0x000000077b9ff880,0x000000077c2c0000)
Event: 0.996 GC heap after
Heap after GC invocations=4 (full 2):
 PSYoungGen      total 28160K, used 0K [0x00000007d5560000, 0x00000007d74c0000, 0x0000000800000000)
  eden space 24192K, 0% used [0x00000007d5560000,0x00000007d5560000,0x00000007d6d00000)
  from space 3968K, 0% used [0x00000007d70e0000,0x00000007d70e0000,0x00000007d74c0000)
  to   space 3968K, 0% used [0x00000007d6d00000,0x00000007d6d00000,0x00000007d70e0000)
 ParOldGen       total 64384K, used 3211K [0x0000000780000000, 0x0000000783ee0000, 0x00000007d5560000)
  object space 64384K, 4% used [0x0000000780000000,0x0000000780322cd8,0x0000000783ee0000)
 PSPermGen       total 21248K, used 12284K [0x000000077ae00000, 0x000000077c2c0000, 0x0000000780000000)
  object space 21248K, 57% used [0x000000077ae00000,0x000000077b9ff288,0x000000077c2c0000)
}
Event: 1.745 GC heap before
{Heap before GC invocations=5 (full 2):
 PSYoungGen      total 28160K, used 24131K [0x00000007d5560000, 0x00000007d74c0000, 0x0000000800000000)
  eden space 24192K, 99% used [0x00000007d5560000,0x00000007d6cf0ce8,0x00000007d6d00000)
  from space 3968K, 0% used [0x00000007d70e0000,0x00000007d70e0000,0x00000007d74c0000)
  to   space 3968K, 0% used [0x00000007d6d00000,0x00000007d6d00000,0x00000007d70e0000)
 ParOldGen       total 64384K, used 3211K [0x0000000780000000, 0x0000000783ee0000, 0x00000007d5560000)
  object space 64384K, 4% used [0x0000000780000000,0x0000000780322cd8,0x0000000783ee0000)
 PSPermGen       total 21248K, used 14859K [0x000000077ae00000, 0x000000077c2c0000, 0x0000000780000000)
  object space 21248K, 69% used [0x000000077ae00000,0x000000077bc82da8,0x000000077c2c0000)
Event: 1.748 GC heap after
Heap after GC invocations=5 (full 2):
 PSYoungGen      total 28160K, used 3255K [0x00000007d5560000, 0x00000007d74c0000, 0x0000000800000000)
  eden space 24192K, 0% used [0x00000007d5560000,0x00000007d5560000,0x00000007d6d00000)
  from space 3968K, 82% used [0x00000007d6d00000,0x00000007d702dcf8,0x00000007d70e0000)
  to   space 3968K, 0% used [0x00000007d70e0000,0x00000007d70e0000,0x00000007d74c0000)
 ParOldGen       total 64384K, used 3211K [0x0000000780000000, 0x0000000783ee0000, 0x00000007d5560000)
  object space 64384K, 4% used [0x0000000780000000,0x0000000780322cd8,0x0000000783ee0000)
 PSPermGen       total 21248K, used 14859K [0x000000077ae00000, 0x000000077c2c0000, 0x0000000780000000)
  object space 21248K, 69% used [0x000000077ae00000,0x000000077bc82da8,0x000000077c2c0000)
}
Event: 1.901 GC heap before
{Heap before GC invocations=6 (full 2):
 PSYoungGen      total 28160K, used 25829K [0x00000007d5560000, 0x00000007d74c0000, 0x0000000800000000)
  eden space 24192K, 93% used [0x00000007d5560000,0x00000007d6b6b960,0x00000007d6d00000)
  from space 3968K, 82% used [0x00000007d6d00000,0x00000007d702dcf8,0x00000007d70e0000)
  to   space 3968K, 0% used [0x00000007d70e0000,0x00000007d70e0000,0x00000007d74c0000)
 ParOldGen       total 64384K, used 3211K [0x0000000780000000, 0x0000000783ee0000, 0x00000007d5560000)
  object space 64384K, 4% used [0x0000000780000000,0x0000000780322cd8,0x0000000783ee0000)
 PSPermGen       total 21248K, used 14911K [0x000000077ae00000, 0x000000077c2c0000, 0x0000000780000000)
  object space 21248K, 70% used [0x000000077ae00000,0x000000077bc8fc08,0x000000077c2c0000)
Event: 1.908 GC heap after
Heap after GC invocations=6 (full 2):
 PSYoungGen      total 28160K, used 2992K [0x00000007d5560000, 0x00000007d8c60000, 0x0000000800000000)
  eden space 24192K, 0% used [0x00000007d5560000,0x00000007d5560000,0x00000007d6d00000)
  from space 3968K, 75% used [0x00000007d70e0000,0x00000007d73cc040,0x00000007d74c0000)
  to   space 3968K, 0% used [0x00000007d6d00000,0x00000007d6d00000,0x00000007d70e0000)
 ParOldGen       total 64384K, used 22430K [0x0000000780000000, 0x0000000783ee0000, 0x00000007d5560000)
  object space 64384K, 34% used [0x0000000780000000,0x00000007815e7868,0x0000000783ee0000)
 PSPermGen       total 21248K, used 14911K [0x000000077ae00000, 0x000000077c2c0000, 0x0000000780000000)
  object space 21248K, 70% used [0x000000077ae00000,0x000000077bc8fc08,0x000000077c2c0000)
}
Event: 2.249 GC heap before
{Heap before GC invocations=7 (full 2):
 PSYoungGen      total 28160K, used 26742K [0x00000007d5560000, 0x00000007d8c60000, 0x0000000800000000)
  eden space 24192K, 98% used [0x00000007d5560000,0x00000007d6c91890,0x00000007d6d00000)
  from space 3968K, 75% used [0x00000007d70e0000,0x00000007d73cc040,0x00000007d74c0000)
  to   space 3968K, 0% used [0x00000007d6d00000,0x00000007d6d00000,0x00000007d70e0000)
 ParOldGen       total 64384K, used 22430K [0x0000000780000000, 0x0000000783ee0000, 0x00000007d5560000)
  object space 64384K, 34% used [0x0000000780000000,0x00000007815e7868,0x0000000783ee0000)
 PSPermGen       total 21248K, used 14990K [0x000000077ae00000, 0x000000077c2c0000, 0x0000000780000000)
  object space 21248K, 70% used [0x000000077ae00000,0x000000077bca3be0,0x000000077c2c0000)
Event: 2.256 GC heap after
Heap after GC invocations=7 (full 2):
 PSYoungGen      total 28160K, used 3443K [0x00000007d5560000, 0x00000007d8c60000, 0x0000000800000000)
  eden space 24192K, 0% used [0x00000007d5560000,0x00000007d5560000,0x00000007d6d00000)
  from space 3968K, 86% used [0x00000007d6d00000,0x00000007d705ce18,0x00000007d70e0000)
  to   space 3968K, 0% used [0x00000007d8880000,0x00000007d8880000,0x00000007d8c60000)
 ParOldGen       total 64384K, used 40477K [0x0000000780000000, 0x0000000783ee0000, 0x00000007d5560000)
  object space 64384K, 62% used [0x0000000780000000,0x0000000782787448,0x0000000783ee0000)
 PSPermGen       total 21248K, used 14990K [0x000000077ae00000, 0x000000077c2c0000, 0x0000000780000000)
  object space 21248K, 70% used [0x000000077ae00000,0x000000077bca3be0,0x000000077c2c0000)
}

